Loaded plugins: fastestmirror
Determining fastest mirrors
 * base: mirror.atlanticmetro.net
 * extras: mirror.cs.vt.edu
 * updates: centos5.zswap.net
Resolving Dependencies
--> Running transaction check
---> Package device-mapper-persistent-data.x86_64 0:0.8.5-2.el7 will be installed
--> Processing Dependency: libaio.so.1(LIBAIO_0.4)(64bit) for package: device-mapper-persistent-data-0.8.5-2.el7.x86_64
--> Processing Dependency: libaio.so.1(LIBAIO_0.1)(64bit) for package: device-mapper-persistent-data-0.8.5-2.el7.x86_64
--> Processing Dependency: libaio.so.1()(64bit) for package: device-mapper-persistent-data-0.8.5-2.el7.x86_64
---> Package git.x86_64 0:1.8.3.1-23.el7_8 will be installed
--> Processing Dependency: perl-Git = 1.8.3.1-23.el7_8 for package: git-1.8.3.1-23.el7_8.x86_64
--> Processing Dependency: perl >= 5.008 for package: git-1.8.3.1-23.el7_8.x86_64
--> Processing Dependency: perl(warnings) for package: git-1.8.3.1-23.el7_8.x86_64
--> Processing Dependency: perl(vars) for package: git-1.8.3.1-23.el7_8.x86_64
--> Processing Dependency: perl(strict) for package: git-1.8.3.1-23.el7_8.x86_64
--> Processing Dependency: perl(lib) for package: git-1.8.3.1-23.el7_8.x86_64
--> Processing Dependency: perl(Term::ReadKey) for package: git-1.8.3.1-23.el7_8.x86_64
--> Processing Dependency: perl(Git) for package: git-1.8.3.1-23.el7_8.x86_64
--> Processing Dependency: perl(Getopt::Long) for package: git-1.8.3.1-23.el7_8.x86_64
--> Processing Dependency: perl(File::stat) for package: git-1.8.3.1-23.el7_8.x86_64
--> Processing Dependency: perl(File::Temp) for package: git-1.8.3.1-23.el7_8.x86_64
--> Processing Dependency: perl(File::Spec) for package: git-1.8.3.1-23.el7_8.x86_64
--> Processing Dependency: perl(File::Path) for package: git-1.8.3.1-23.el7_8.x86_64
--> Processing Dependency: perl(File::Find) for package: git-1.8.3.1-23.el7_8.x86_64
--> Processing Dependency: perl(File::Copy) for package: git-1.8.3.1-23.el7_8.x86_64
--> Processing Dependency: perl(File::Basename) for package: git-1.8.3.1-23.el7_8.x86_64
--> Processing Dependency: perl(Exporter) for package: git-1.8.3.1-23.el7_8.x86_64
--> Processing Dependency: perl(Error) for package: git-1.8.3.1-23.el7_8.x86_64
--> Processing Dependency: /usr/bin/perl for package: git-1.8.3.1-23.el7_8.x86_64
---> Package lvm2.x86_64 7:2.02.186-7.el7_8.2 will be installed
--> Processing Dependency: lvm2-libs = 7:2.02.186-7.el7_8.2 for package: 7:lvm2-2.02.186-7.el7_8.2.x86_64
--> Processing Dependency: liblvm2app.so.2.2(Base)(64bit) for package: 7:lvm2-2.02.186-7.el7_8.2.x86_64
--> Processing Dependency: libdevmapper-event.so.1.02(Base)(64bit) for package: 7:lvm2-2.02.186-7.el7_8.2.x86_64
--> Processing Dependency: liblvm2app.so.2.2()(64bit) for package: 7:lvm2-2.02.186-7.el7_8.2.x86_64
--> Processing Dependency: libdevmapper-event.so.1.02()(64bit) for package: 7:lvm2-2.02.186-7.el7_8.2.x86_64
---> Package yum-utils.noarch 0:1.1.31-50.el7 will be updated
---> Package yum-utils.noarch 0:1.1.31-54.el7_8 will be an update
--> Running transaction check
---> Package device-mapper-event-libs.x86_64 7:1.02.164-7.el7_8.2 will be installed
---> Package libaio.x86_64 0:0.3.109-13.el7 will be installed
---> Package lvm2-libs.x86_64 7:2.02.186-7.el7_8.2 will be installed
--> Processing Dependency: device-mapper-event = 7:1.02.164-7.el7_8.2 for package: 7:lvm2-libs-2.02.186-7.el7_8.2.x86_64
---> Package perl.x86_64 4:5.16.3-295.el7 will be installed
--> Processing Dependency: perl-libs = 4:5.16.3-295.el7 for package: 4:perl-5.16.3-295.el7.x86_64
--> Processing Dependency: perl(Socket) >= 1.3 for package: 4:perl-5.16.3-295.el7.x86_64
--> Processing Dependency: perl(Scalar::Util) >= 1.10 for package: 4:perl-5.16.3-295.el7.x86_64
--> Processing Dependency: perl-macros for package: 4:perl-5.16.3-295.el7.x86_64
--> Processing Dependency: perl-libs for package: 4:perl-5.16.3-295.el7.x86_64
--> Processing Dependency: perl(threads::shared) for package: 4:perl-5.16.3-295.el7.x86_64
--> Processing Dependency: perl(threads) for package: 4:perl-5.16.3-295.el7.x86_64
--> Processing Dependency: perl(constant) for package: 4:perl-5.16.3-295.el7.x86_64
--> Processing Dependency: perl(Time::Local) for package: 4:perl-5.16.3-295.el7.x86_64
--> Processing Dependency: perl(Time::HiRes) for package: 4:perl-5.16.3-295.el7.x86_64
--> Processing Dependency: perl(Storable) for package: 4:perl-5.16.3-295.el7.x86_64
--> Processing Dependency: perl(Socket) for package: 4:perl-5.16.3-295.el7.x86_64
--> Processing Dependency: perl(Scalar::Util) for package: 4:perl-5.16.3-295.el7.x86_64
--> Processing Dependency: perl(Pod::Simple::XHTML) for package: 4:perl-5.16.3-295.el7.x86_64
--> Processing Dependency: perl(Pod::Simple::Search) for package: 4:perl-5.16.3-295.el7.x86_64
--> Processing Dependency: perl(Filter::Util::Call) for package: 4:perl-5.16.3-295.el7.x86_64
--> Processing Dependency: perl(Carp) for package: 4:perl-5.16.3-295.el7.x86_64
--> Processing Dependency: libperl.so()(64bit) for package: 4:perl-5.16.3-295.el7.x86_64
---> Package perl-Error.noarch 1:0.17020-2.el7 will be installed
---> Package perl-Exporter.noarch 0:5.68-3.el7 will be installed
---> Package perl-File-Path.noarch 0:2.09-2.el7 will be installed
---> Package perl-File-Temp.noarch 0:0.23.01-3.el7 will be installed
---> Package perl-Getopt-Long.noarch 0:2.40-3.el7 will be installed
--> Processing Dependency: perl(Pod::Usage) >= 1.14 for package: perl-Getopt-Long-2.40-3.el7.noarch
--> Processing Dependency: perl(Text::ParseWords) for package: perl-Getopt-Long-2.40-3.el7.noarch
---> Package perl-Git.noarch 0:1.8.3.1-23.el7_8 will be installed
---> Package perl-PathTools.x86_64 0:3.40-5.el7 will be installed
---> Package perl-TermReadKey.x86_64 0:2.30-20.el7 will be installed
--> Running transaction check
---> Package device-mapper-event.x86_64 7:1.02.164-7.el7_8.2 will be installed
--> Processing Dependency: device-mapper = 7:1.02.164-7.el7_8.2 for package: 7:device-mapper-event-1.02.164-7.el7_8.2.x86_64
---> Package perl-Carp.noarch 0:1.26-244.el7 will be installed
---> Package perl-Filter.x86_64 0:1.49-3.el7 will be installed
---> Package perl-Pod-Simple.noarch 1:3.28-4.el7 will be installed
--> Processing Dependency: perl(Pod::Escapes) >= 1.04 for package: 1:perl-Pod-Simple-3.28-4.el7.noarch
--> Processing Dependency: perl(Encode) for package: 1:perl-Pod-Simple-3.28-4.el7.noarch
---> Package perl-Pod-Usage.noarch 0:1.63-3.el7 will be installed
--> Processing Dependency: perl(Pod::Text) >= 3.15 for package: perl-Pod-Usage-1.63-3.el7.noarch
--> Processing Dependency: perl-Pod-Perldoc for package: perl-Pod-Usage-1.63-3.el7.noarch
---> Package perl-Scalar-List-Utils.x86_64 0:1.27-248.el7 will be installed
---> Package perl-Socket.x86_64 0:2.010-5.el7 will be installed
---> Package perl-Storable.x86_64 0:2.45-3.el7 will be installed
---> Package perl-Text-ParseWords.noarch 0:3.29-4.el7 will be installed
---> Package perl-Time-HiRes.x86_64 4:1.9725-3.el7 will be installed
---> Package perl-Time-Local.noarch 0:1.2300-2.el7 will be installed
---> Package perl-constant.noarch 0:1.27-2.el7 will be installed
---> Package perl-libs.x86_64 4:5.16.3-295.el7 will be installed
---> Package perl-macros.x86_64 4:5.16.3-295.el7 will be installed
---> Package perl-threads.x86_64 0:1.87-4.el7 will be installed
---> Package perl-threads-shared.x86_64 0:1.43-6.el7 will be installed
--> Running transaction check
---> Package device-mapper.x86_64 7:1.02.149-10.el7_6.2 will be updated
--> Processing Dependency: device-mapper = 7:1.02.149-10.el7_6.2 for package: 7:device-mapper-libs-1.02.149-10.el7_6.2.x86_64
---> Package device-mapper.x86_64 7:1.02.164-7.el7_8.2 will be an update
---> Package perl-Encode.x86_64 0:2.51-7.el7 will be installed
---> Package perl-Pod-Escapes.noarch 1:1.04-295.el7 will be installed
---> Package perl-Pod-Perldoc.noarch 0:3.20-4.el7 will be installed
--> Processing Dependency: perl(parent) for package: perl-Pod-Perldoc-3.20-4.el7.noarch
--> Processing Dependency: perl(HTTP::Tiny) for package: perl-Pod-Perldoc-3.20-4.el7.noarch
---> Package perl-podlators.noarch 0:2.5.1-3.el7 will be installed
--> Running transaction check
---> Package device-mapper-libs.x86_64 7:1.02.149-10.el7_6.2 will be updated
---> Package device-mapper-libs.x86_64 7:1.02.164-7.el7_8.2 will be an update
---> Package perl-HTTP-Tiny.noarch 0:0.033-3.el7 will be installed
---> Package perl-parent.noarch 1:0.225-244.el7 will be installed
--> Finished Dependency Resolution

Dependencies Resolved

================================================================================
 Package                        Arch    Version                  Repository
                                                                           Size
================================================================================
Installing:
 device-mapper-persistent-data  x86_64  0.8.5-2.el7              base     422 k
 git                            x86_64  1.8.3.1-23.el7_8         updates  4.4 M
 lvm2                           x86_64  7:2.02.186-7.el7_8.2     updates  1.3 M
Updating:
 yum-utils                      noarch  1.1.31-54.el7_8          updates  122 k
Installing for dependencies:
 device-mapper-event            x86_64  7:1.02.164-7.el7_8.2     updates  191 k
 device-mapper-event-libs       x86_64  7:1.02.164-7.el7_8.2     updates  190 k
 libaio                         x86_64  0.3.109-13.el7           base      24 k
 lvm2-libs                      x86_64  7:2.02.186-7.el7_8.2     updates  1.1 M
 perl                           x86_64  4:5.16.3-295.el7         base     8.0 M
 perl-Carp                      noarch  1.26-244.el7             base      19 k
 perl-Encode                    x86_64  2.51-7.el7               base     1.5 M
 perl-Error                     noarch  1:0.17020-2.el7          base      32 k
 perl-Exporter                  noarch  5.68-3.el7               base      28 k
 perl-File-Path                 noarch  2.09-2.el7               base      26 k
 perl-File-Temp                 noarch  0.23.01-3.el7            base      56 k
 perl-Filter                    x86_64  1.49-3.el7               base      76 k
 perl-Getopt-Long               noarch  2.40-3.el7               base      56 k
 perl-Git                       noarch  1.8.3.1-23.el7_8         updates   56 k
 perl-HTTP-Tiny                 noarch  0.033-3.el7              base      38 k
 perl-PathTools                 x86_64  3.40-5.el7               base      82 k
 perl-Pod-Escapes               noarch  1:1.04-295.el7           base      51 k
 perl-Pod-Perldoc               noarch  3.20-4.el7               base      87 k
 perl-Pod-Simple                noarch  1:3.28-4.el7             base     216 k
 perl-Pod-Usage                 noarch  1.63-3.el7               base      27 k
 perl-Scalar-List-Utils         x86_64  1.27-248.el7             base      36 k
 perl-Socket                    x86_64  2.010-5.el7              base      49 k
 perl-Storable                  x86_64  2.45-3.el7               base      77 k
 perl-TermReadKey               x86_64  2.30-20.el7              base      31 k
 perl-Text-ParseWords           noarch  3.29-4.el7               base      14 k
 perl-Time-HiRes                x86_64  4:1.9725-3.el7           base      45 k
 perl-Time-Local                noarch  1.2300-2.el7             base      24 k
 perl-constant                  noarch  1.27-2.el7               base      19 k
 perl-libs                      x86_64  4:5.16.3-295.el7         base     689 k
 perl-macros                    x86_64  4:5.16.3-295.el7         base      44 k
 perl-parent                    noarch  1:0.225-244.el7          base      12 k
 perl-podlators                 noarch  2.5.1-3.el7              base     112 k
 perl-threads                   x86_64  1.87-4.el7               base      49 k
 perl-threads-shared            x86_64  1.43-6.el7               base      39 k
Updating for dependencies:
 device-mapper                  x86_64  7:1.02.164-7.el7_8.2     updates  295 k
 device-mapper-libs             x86_64  7:1.02.164-7.el7_8.2     updates  324 k

Transaction Summary
================================================================================
Install  3 Packages (+34 Dependent packages)
Upgrade  1 Package  (+ 2 Dependent packages)

Total download size: 20 M
Downloading packages:
Delta RPMs disabled because /usr/bin/applydeltarpm not installed.
warning: /var/cache/yum/x86_64/7/updates/packages/device-mapper-1.02.164-7.el7_8.2.x86_64.rpm: Header V3 RSA/SHA256 Signature, key ID f4a80eb5: NOKEY
Public key for device-mapper-1.02.164-7.el7_8.2.x86_64.rpm is not installed
Public key for device-mapper-persistent-data-0.8.5-2.el7.x86_64.rpm is not installed
--------------------------------------------------------------------------------
Total                                              661 kB/s |  20 MB  00:30     
Retrieving key from file:///etc/pki/rpm-gpg/RPM-GPG-KEY-CentOS-7
Importing GPG key 0xF4A80EB5:
 Userid     : "CentOS-7 Key (CentOS 7 Official Signing Key) <security@centos.org>"
 Fingerprint: 6341 ab27 53d7 8a78 a7c2 7bb1 24c6 a8a7 f4a8 0eb5
 Package    : centos-release-7-6.1810.2.el7.centos.x86_64 (installed)
 From       : /etc/pki/rpm-gpg/RPM-GPG-KEY-CentOS-7
Running transaction check
Running transaction test
Transaction test succeeded
Running transaction
  Installing : libaio-0.3.109-13.el7.x86_64                                1/43 
  Updating   : 7:device-mapper-libs-1.02.164-7.el7_8.2.x86_64              2/43 
  Updating   : 7:device-mapper-1.02.164-7.el7_8.2.x86_64                   3/43 
  Installing : 7:device-mapper-event-libs-1.02.164-7.el7_8.2.x86_64        4/43 
  Installing : 7:device-mapper-event-1.02.164-7.el7_8.2.x86_64             5/43 
  Installing : 7:lvm2-libs-2.02.186-7.el7_8.2.x86_64                       6/43 
  Installing : device-mapper-persistent-data-0.8.5-2.el7.x86_64            7/43 
  Installing : 1:perl-parent-0.225-244.el7.noarch                          8/43 
  Installing : perl-HTTP-Tiny-0.033-3.el7.noarch                           9/43 
  Installing : perl-podlators-2.5.1-3.el7.noarch                          10/43 
  Installing : perl-Pod-Perldoc-3.20-4.el7.noarch                         11/43 
  Installing : 1:perl-Pod-Escapes-1.04-295.el7.noarch                     12/43 
  Installing : perl-Text-ParseWords-3.29-4.el7.noarch                     13/43 
  Installing : perl-Encode-2.51-7.el7.x86_64                              14/43 
  Installing : perl-Pod-Usage-1.63-3.el7.noarch                           15/43 
  Installing : 4:perl-libs-5.16.3-295.el7.x86_64                          16/43 
  Installing : 4:perl-macros-5.16.3-295.el7.x86_64                        17/43 
  Installing : 4:perl-Time-HiRes-1.9725-3.el7.x86_64                      18/43 
  Installing : perl-Exporter-5.68-3.el7.noarch                            19/43 
  Installing : perl-constant-1.27-2.el7.noarch                            20/43 
  Installing : perl-Socket-2.010-5.el7.x86_64                             21/43 
  Installing : perl-Time-Local-1.2300-2.el7.noarch                        22/43 
  Installing : perl-Carp-1.26-244.el7.noarch                              23/43 
  Installing : perl-Storable-2.45-3.el7.x86_64                            24/43 
  Installing : perl-PathTools-3.40-5.el7.x86_64                           25/43 
  Installing : perl-Scalar-List-Utils-1.27-248.el7.x86_64                 26/43 
  Installing : perl-File-Temp-0.23.01-3.el7.noarch                        27/43 
  Installing : perl-File-Path-2.09-2.el7.noarch                           28/43 
  Installing : perl-threads-shared-1.43-6.el7.x86_64                      29/43 
  Installing : perl-threads-1.87-4.el7.x86_64                             30/43 
  Installing : perl-Filter-1.49-3.el7.x86_64                              31/43 
  Installing : 1:perl-Pod-Simple-3.28-4.el7.noarch                        32/43 
  Installing : perl-Getopt-Long-2.40-3.el7.noarch                         33/43 
  Installing : 4:perl-5.16.3-295.el7.x86_64                               34/43 
  Installing : 1:perl-Error-0.17020-2.el7.noarch                          35/43 
  Installing : perl-TermReadKey-2.30-20.el7.x86_64                        36/43 
  Installing : git-1.8.3.1-23.el7_8.x86_64                                37/43 
  Installing : perl-Git-1.8.3.1-23.el7_8.noarch                           38/43 
  Installing : 7:lvm2-2.02.186-7.el7_8.2.x86_64                           39/43 
  Updating   : yum-utils-1.1.31-54.el7_8.noarch                           40/43 
  Cleanup    : yum-utils-1.1.31-50.el7.noarch                             41/43 
  Cleanup    : 7:device-mapper-libs-1.02.149-10.el7_6.2.x86_64            42/43 
  Cleanup    : 7:device-mapper-1.02.149-10.el7_6.2.x86_64                 43/43 
  Verifying  : perl-HTTP-Tiny-0.033-3.el7.noarch                           1/43 
  Verifying  : perl-threads-shared-1.43-6.el7.x86_64                       2/43 
  Verifying  : 4:perl-Time-HiRes-1.9725-3.el7.x86_64                       3/43 
  Verifying  : 1:perl-Pod-Escapes-1.04-295.el7.noarch                      4/43 
  Verifying  : perl-Exporter-5.68-3.el7.noarch                             5/43 
  Verifying  : perl-constant-1.27-2.el7.noarch                             6/43 
  Verifying  : perl-PathTools-3.40-5.el7.x86_64                            7/43 
  Verifying  : 7:lvm2-2.02.186-7.el7_8.2.x86_64                            8/43 
  Verifying  : perl-Socket-2.010-5.el7.x86_64                              9/43 
  Verifying  : 7:device-mapper-1.02.164-7.el7_8.2.x86_64                  10/43 
  Verifying  : git-1.8.3.1-23.el7_8.x86_64                                11/43 
  Verifying  : 1:perl-parent-0.225-244.el7.noarch                         12/43 
  Verifying  : device-mapper-persistent-data-0.8.5-2.el7.x86_64           13/43 
  Verifying  : perl-TermReadKey-2.30-20.el7.x86_64                        14/43 
  Verifying  : 7:lvm2-libs-2.02.186-7.el7_8.2.x86_64                      15/43 
  Verifying  : 4:perl-libs-5.16.3-295.el7.x86_64                          16/43 
  Verifying  : perl-File-Temp-0.23.01-3.el7.noarch                        17/43 
  Verifying  : 1:perl-Pod-Simple-3.28-4.el7.noarch                        18/43 
  Verifying  : perl-Time-Local-1.2300-2.el7.noarch                        19/43 
  Verifying  : perl-Pod-Perldoc-3.20-4.el7.noarch                         20/43 
  Verifying  : libaio-0.3.109-13.el7.x86_64                               21/43 
  Verifying  : 4:perl-macros-5.16.3-295.el7.x86_64                        22/43 
  Verifying  : 4:perl-5.16.3-295.el7.x86_64                               23/43 
  Verifying  : perl-Carp-1.26-244.el7.noarch                              24/43 
  Verifying  : 7:device-mapper-event-1.02.164-7.el7_8.2.x86_64            25/43 
  Verifying  : yum-utils-1.1.31-54.el7_8.noarch                           26/43 
  Verifying  : 1:perl-Error-0.17020-2.el7.noarch                          27/43 
  Verifying  : perl-Storable-2.45-3.el7.x86_64                            28/43 
  Verifying  : perl-Scalar-List-Utils-1.27-248.el7.x86_64                 29/43 
  Verifying  : 7:device-mapper-libs-1.02.164-7.el7_8.2.x86_64             30/43 
  Verifying  : perl-Pod-Usage-1.63-3.el7.noarch                           31/43 
  Verifying  : perl-Encode-2.51-7.el7.x86_64                              32/43 
  Verifying  : perl-podlators-2.5.1-3.el7.noarch                          33/43 
  Verifying  : perl-File-Path-2.09-2.el7.noarch                           34/43 
  Verifying  : perl-threads-1.87-4.el7.x86_64                             35/43 
  Verifying  : perl-Git-1.8.3.1-23.el7_8.noarch                           36/43 
  Verifying  : perl-Filter-1.49-3.el7.x86_64                              37/43 
  Verifying  : perl-Getopt-Long-2.40-3.el7.noarch                         38/43 
  Verifying  : perl-Text-ParseWords-3.29-4.el7.noarch                     39/43 
  Verifying  : 7:device-mapper-event-libs-1.02.164-7.el7_8.2.x86_64       40/43 
  Verifying  : 7:device-mapper-1.02.149-10.el7_6.2.x86_64                 41/43 
  Verifying  : 7:device-mapper-libs-1.02.149-10.el7_6.2.x86_64            42/43 
  Verifying  : yum-utils-1.1.31-50.el7.noarch                             43/43 

Installed:
  device-mapper-persistent-data.x86_64 0:0.8.5-2.el7                            
  git.x86_64 0:1.8.3.1-23.el7_8                                                 
  lvm2.x86_64 7:2.02.186-7.el7_8.2                                              

Dependency Installed:
  device-mapper-event.x86_64 7:1.02.164-7.el7_8.2                               
  device-mapper-event-libs.x86_64 7:1.02.164-7.el7_8.2                          
  libaio.x86_64 0:0.3.109-13.el7                                                
  lvm2-libs.x86_64 7:2.02.186-7.el7_8.2                                         
  perl.x86_64 4:5.16.3-295.el7                                                  
  perl-Carp.noarch 0:1.26-244.el7                                               
  perl-Encode.x86_64 0:2.51-7.el7                                               
  perl-Error.noarch 1:0.17020-2.el7                                             
  perl-Exporter.noarch 0:5.68-3.el7                                             
  perl-File-Path.noarch 0:2.09-2.el7                                            
  perl-File-Temp.noarch 0:0.23.01-3.el7                                         
  perl-Filter.x86_64 0:1.49-3.el7                                               
  perl-Getopt-Long.noarch 0:2.40-3.el7                                          
  perl-Git.noarch 0:1.8.3.1-23.el7_8                                            
  perl-HTTP-Tiny.noarch 0:0.033-3.el7                                           
  perl-PathTools.x86_64 0:3.40-5.el7                                            
  perl-Pod-Escapes.noarch 1:1.04-295.el7                                        
  perl-Pod-Perldoc.noarch 0:3.20-4.el7                                          
  perl-Pod-Simple.noarch 1:3.28-4.el7                                           
  perl-Pod-Usage.noarch 0:1.63-3.el7                                            
  perl-Scalar-List-Utils.x86_64 0:1.27-248.el7                                  
  perl-Socket.x86_64 0:2.010-5.el7                                              
  perl-Storable.x86_64 0:2.45-3.el7                                             
  perl-TermReadKey.x86_64 0:2.30-20.el7                                         
  perl-Text-ParseWords.noarch 0:3.29-4.el7                                      
  perl-Time-HiRes.x86_64 4:1.9725-3.el7                                         
  perl-Time-Local.noarch 0:1.2300-2.el7                                         
  perl-constant.noarch 0:1.27-2.el7                                             
  perl-libs.x86_64 4:5.16.3-295.el7                                             
  perl-macros.x86_64 4:5.16.3-295.el7                                           
  perl-parent.noarch 1:0.225-244.el7                                            
  perl-podlators.noarch 0:2.5.1-3.el7                                           
  perl-threads.x86_64 0:1.87-4.el7                                              
  perl-threads-shared.x86_64 0:1.43-6.el7                                       

Updated:
  yum-utils.noarch 0:1.1.31-54.el7_8                                            

Dependency Updated:
  device-mapper.x86_64 7:1.02.164-7.el7_8.2                                     
  device-mapper-libs.x86_64 7:1.02.164-7.el7_8.2                                

Complete!
Loaded plugins: fastestmirror
adding repo from: https://download.docker.com/linux/centos/docker-ce.repo
grabbing file https://download.docker.com/linux/centos/docker-ce.repo to /etc/yum.repos.d/docker-ce.repo
repo saved to /etc/yum.repos.d/docker-ce.repo
Loaded plugins: fastestmirror
Loading mirror speeds from cached hostfile
 * base: mirror.atlanticmetro.net
 * extras: mirror.cs.vt.edu
 * updates: centos5.zswap.net
Resolving Dependencies
--> Running transaction check
---> Package docker-ce.x86_64 3:19.03.13-3.el7 will be installed
--> Processing Dependency: container-selinux >= 2:2.74 for package: 3:docker-ce-19.03.13-3.el7.x86_64
--> Processing Dependency: containerd.io >= 1.2.2-3 for package: 3:docker-ce-19.03.13-3.el7.x86_64
--> Processing Dependency: docker-ce-cli for package: 3:docker-ce-19.03.13-3.el7.x86_64
--> Running transaction check
---> Package container-selinux.noarch 2:2.119.2-1.911c772.el7_8 will be installed
---> Package containerd.io.x86_64 0:1.3.7-3.1.el7 will be installed
---> Package docker-ce-cli.x86_64 1:19.03.13-3.el7 will be installed
--> Finished Dependency Resolution

Dependencies Resolved

================================================================================
 Package            Arch    Version                     Repository         Size
================================================================================
Installing:
 docker-ce          x86_64  3:19.03.13-3.el7            docker-ce-stable   24 M
Installing for dependencies:
 container-selinux  noarch  2:2.119.2-1.911c772.el7_8   extras             40 k
 containerd.io      x86_64  1.3.7-3.1.el7               docker-ce-stable   29 M
 docker-ce-cli      x86_64  1:19.03.13-3.el7            docker-ce-stable   38 M

Transaction Summary
================================================================================
Install  1 Package (+3 Dependent packages)

Total download size: 91 M
Installed size: 385 M
Downloading packages:
Public key for docker-ce-19.03.13-3.el7.x86_64.rpm is not installed
warning: /var/cache/yum/x86_64/7/docker-ce-stable/packages/docker-ce-19.03.13-3.el7.x86_64.rpm: Header V4 RSA/SHA512 Signature, key ID 621e9f35: NOKEY
--------------------------------------------------------------------------------
Total                                              7.8 MB/s |  91 MB  00:11     
Retrieving key from https://download.docker.com/linux/centos/gpg
Importing GPG key 0x621E9F35:
 Userid     : "Docker Release (CE rpm) <docker@docker.com>"
 Fingerprint: 060a 61c5 1b55 8a7f 742b 77aa c52f eb6b 621e 9f35
 From       : https://download.docker.com/linux/centos/gpg
Running transaction check
Running transaction test
Transaction test succeeded
Running transaction
  Installing : 2:container-selinux-2.119.2-1.911c772.el7_8.noarch           1/4 
  Installing : containerd.io-1.3.7-3.1.el7.x86_64                           2/4 
  Installing : 1:docker-ce-cli-19.03.13-3.el7.x86_64                        3/4 
  Installing : 3:docker-ce-19.03.13-3.el7.x86_64                            4/4 
  Verifying  : containerd.io-1.3.7-3.1.el7.x86_64                           1/4 
  Verifying  : 2:container-selinux-2.119.2-1.911c772.el7_8.noarch           2/4 
  Verifying  : 1:docker-ce-cli-19.03.13-3.el7.x86_64                        3/4 
  Verifying  : 3:docker-ce-19.03.13-3.el7.x86_64                            4/4 

Installed:
  docker-ce.x86_64 3:19.03.13-3.el7                                             

Dependency Installed:
  container-selinux.noarch 2:2.119.2-1.911c772.el7_8                            
  containerd.io.x86_64 0:1.3.7-3.1.el7                                          
  docker-ce-cli.x86_64 1:19.03.13-3.el7                                         

Complete!
Created symlink from /etc/systemd/system/multi-user.target.wants/docker.service to /usr/lib/systemd/system/docker.service.
Loaded plugins: fastestmirror
Loading mirror speeds from cached hostfile
 * base: mirror.atlanticmetro.net
 * extras: mirror.cs.vt.edu
 * updates: centos5.zswap.net
Resolving Dependencies
--> Running transaction check
---> Package kubeadm.x86_64 0:1.19.2-0 will be installed
--> Processing Dependency: kubernetes-cni >= 0.8.6 for package: kubeadm-1.19.2-0.x86_64
--> Processing Dependency: cri-tools >= 1.13.0 for package: kubeadm-1.19.2-0.x86_64
---> Package kubectl.x86_64 0:1.19.2-0 will be installed
---> Package kubelet.x86_64 0:1.19.2-0 will be installed
--> Processing Dependency: socat for package: kubelet-1.19.2-0.x86_64
--> Processing Dependency: ebtables for package: kubelet-1.19.2-0.x86_64
--> Processing Dependency: conntrack for package: kubelet-1.19.2-0.x86_64
--> Running transaction check
---> Package conntrack-tools.x86_64 0:1.4.4-7.el7 will be installed
--> Processing Dependency: libnetfilter_cttimeout.so.1(LIBNETFILTER_CTTIMEOUT_1.1)(64bit) for package: conntrack-tools-1.4.4-7.el7.x86_64
--> Processing Dependency: libnetfilter_cttimeout.so.1(LIBNETFILTER_CTTIMEOUT_1.0)(64bit) for package: conntrack-tools-1.4.4-7.el7.x86_64
--> Processing Dependency: libnetfilter_cthelper.so.0(LIBNETFILTER_CTHELPER_1.0)(64bit) for package: conntrack-tools-1.4.4-7.el7.x86_64
--> Processing Dependency: libnetfilter_queue.so.1()(64bit) for package: conntrack-tools-1.4.4-7.el7.x86_64
--> Processing Dependency: libnetfilter_cttimeout.so.1()(64bit) for package: conntrack-tools-1.4.4-7.el7.x86_64
--> Processing Dependency: libnetfilter_cthelper.so.0()(64bit) for package: conntrack-tools-1.4.4-7.el7.x86_64
---> Package cri-tools.x86_64 0:1.13.0-0 will be installed
---> Package ebtables.x86_64 0:2.0.10-16.el7 will be installed
---> Package kubernetes-cni.x86_64 0:0.8.7-0 will be installed
---> Package socat.x86_64 0:1.7.3.2-2.el7 will be installed
--> Running transaction check
---> Package libnetfilter_cthelper.x86_64 0:1.0.0-11.el7 will be installed
---> Package libnetfilter_cttimeout.x86_64 0:1.0.0-7.el7 will be installed
---> Package libnetfilter_queue.x86_64 0:1.0.2-2.el7_2 will be installed
--> Finished Dependency Resolution

Dependencies Resolved

================================================================================
 Package                    Arch       Version             Repository      Size
================================================================================
Installing:
 kubeadm                    x86_64     1.19.2-0            kubernetes     8.3 M
 kubectl                    x86_64     1.19.2-0            kubernetes     9.0 M
 kubelet                    x86_64     1.19.2-0            kubernetes      19 M
Installing for dependencies:
 conntrack-tools            x86_64     1.4.4-7.el7         base           187 k
 cri-tools                  x86_64     1.13.0-0            kubernetes     5.1 M
 ebtables                   x86_64     2.0.10-16.el7       base           123 k
 kubernetes-cni             x86_64     0.8.7-0             kubernetes      19 M
 libnetfilter_cthelper      x86_64     1.0.0-11.el7        base            18 k
 libnetfilter_cttimeout     x86_64     1.0.0-7.el7         base            18 k
 libnetfilter_queue         x86_64     1.0.2-2.el7_2       base            23 k
 socat                      x86_64     1.7.3.2-2.el7       base           290 k

Transaction Summary
================================================================================
Install  3 Packages (+8 Dependent packages)

Total download size: 61 M
Installed size: 261 M
Downloading packages:
--------------------------------------------------------------------------------
Total                                              7.2 MB/s |  61 MB  00:08     
Running transaction check
Running transaction test
Transaction test succeeded
Running transaction
  Installing : ebtables-2.0.10-16.el7.x86_64                               1/11 
  Installing : libnetfilter_cthelper-1.0.0-11.el7.x86_64                   2/11 
  Installing : socat-1.7.3.2-2.el7.x86_64                                  3/11 
  Installing : libnetfilter_cttimeout-1.0.0-7.el7.x86_64                   4/11 
  Installing : kubectl-1.19.2-0.x86_64                                     5/11 
  Installing : cri-tools-1.13.0-0.x86_64                                   6/11 
  Installing : libnetfilter_queue-1.0.2-2.el7_2.x86_64                     7/11 
  Installing : conntrack-tools-1.4.4-7.el7.x86_64                          8/11 
  Installing : kubernetes-cni-0.8.7-0.x86_64                               9/11 
  Installing : kubelet-1.19.2-0.x86_64                                    10/11 
  Installing : kubeadm-1.19.2-0.x86_64                                    11/11 
  Verifying  : kubeadm-1.19.2-0.x86_64                                     1/11 
  Verifying  : kubelet-1.19.2-0.x86_64                                     2/11 
  Verifying  : conntrack-tools-1.4.4-7.el7.x86_64                          3/11 
  Verifying  : kubernetes-cni-0.8.7-0.x86_64                               4/11 
  Verifying  : libnetfilter_queue-1.0.2-2.el7_2.x86_64                     5/11 
  Verifying  : cri-tools-1.13.0-0.x86_64                                   6/11 
  Verifying  : kubectl-1.19.2-0.x86_64                                     7/11 
  Verifying  : libnetfilter_cttimeout-1.0.0-7.el7.x86_64                   8/11 
  Verifying  : socat-1.7.3.2-2.el7.x86_64                                  9/11 
  Verifying  : libnetfilter_cthelper-1.0.0-11.el7.x86_64                  10/11 
  Verifying  : ebtables-2.0.10-16.el7.x86_64                              11/11 

Installed:
  kubeadm.x86_64 0:1.19.2-0 kubectl.x86_64 0:1.19.2-0 kubelet.x86_64 0:1.19.2-0

Dependency Installed:
  conntrack-tools.x86_64 0:1.4.4-7.el7                                          
  cri-tools.x86_64 0:1.13.0-0                                                   
  ebtables.x86_64 0:2.0.10-16.el7                                               
  kubernetes-cni.x86_64 0:0.8.7-0                                               
  libnetfilter_cthelper.x86_64 0:1.0.0-11.el7                                   
  libnetfilter_cttimeout.x86_64 0:1.0.0-7.el7                                   
  libnetfilter_queue.x86_64 0:1.0.2-2.el7_2                                     
  socat.x86_64 0:1.7.3.2-2.el7                                                  

Complete!
Created symlink from /etc/systemd/system/multi-user.target.wants/kubelet.service to /usr/lib/systemd/system/kubelet.service.
[init] Using Kubernetes version: v1.19.2
W0923 18:28:34.895957    5062 configset.go:348] WARNING: kubeadm cannot validate component configs for API groups [kubelet.config.k8s.io kubeproxy.config.k8s.io]
[preflight] Running pre-flight checks
[preflight] Pulling images required for setting up a Kubernetes cluster
[preflight] This might take a minute or two, depending on the speed of your internet connection
[preflight] You can also perform this action in beforehand using 'kubeadm config images pull'
[certs] Using certificateDir folder "/etc/kubernetes/pki"
[certs] Generating "ca" certificate and key
[certs] Generating "apiserver" certificate and key
[certs] apiserver serving cert is signed for DNS names [ip-34-223-14-233 kubernetes kubernetes.default kubernetes.default.svc kubernetes.default.svc.cluster.local] and IPs [10.96.0.1 34.223.14.233]
[certs] Generating "apiserver-kubelet-client" certificate and key
[certs] Generating "front-proxy-ca" certificate and key
[certs] Generating "front-proxy-client" certificate and key
[certs] Generating "etcd/ca" certificate and key
[certs] Generating "etcd/server" certificate and key
[certs] etcd/server serving cert is signed for DNS names [ip-34-223-14-233 localhost] and IPs [34.223.14.233 127.0.0.1 ::1]
[certs] Generating "etcd/peer" certificate and key
[certs] etcd/peer serving cert is signed for DNS names [ip-34-223-14-233 localhost] and IPs [34.223.14.233 127.0.0.1 ::1]
[certs] Generating "etcd/healthcheck-client" certificate and key
[certs] Generating "apiserver-etcd-client" certificate and key
[certs] Generating "sa" key and public key
[kubeconfig] Using kubeconfig folder "/etc/kubernetes"
[kubeconfig] Writing "admin.conf" kubeconfig file
[kubeconfig] Writing "kubelet.conf" kubeconfig file
[kubeconfig] Writing "controller-manager.conf" kubeconfig file
[kubeconfig] Writing "scheduler.conf" kubeconfig file
[kubelet-start] Writing kubelet environment file with flags to file "/var/lib/kubelet/kubeadm-flags.env"
[kubelet-start] Writing kubelet configuration to file "/var/lib/kubelet/config.yaml"
[kubelet-start] Starting the kubelet
[control-plane] Using manifest folder "/etc/kubernetes/manifests"
[control-plane] Creating static Pod manifest for "kube-apiserver"
[control-plane] Creating static Pod manifest for "kube-controller-manager"
[control-plane] Creating static Pod manifest for "kube-scheduler"
[etcd] Creating static Pod manifest for local etcd in "/etc/kubernetes/manifests"
[wait-control-plane] Waiting for the kubelet to boot up the control plane as static Pods from directory "/etc/kubernetes/manifests". This can take up to 4m0s
[apiclient] All control plane components are healthy after 9.503884 seconds
[upload-config] Storing the configuration used in ConfigMap "kubeadm-config" in the "kube-system" Namespace
[kubelet] Creating a ConfigMap "kubelet-config-1.19" in namespace kube-system with the configuration for the kubelets in the cluster
[upload-certs] Skipping phase. Please see --upload-certs
[mark-control-plane] Marking the node ip-34-223-14-233 as control-plane by adding the label "node-role.kubernetes.io/master=''"
[mark-control-plane] Marking the node ip-34-223-14-233 as control-plane by adding the taints [node-role.kubernetes.io/master:NoSchedule]
[bootstrap-token] Using token: ol7ets.02okx7eha61plvi3
[bootstrap-token] Configuring bootstrap tokens, cluster-info ConfigMap, RBAC Roles
[bootstrap-token] configured RBAC rules to allow Node Bootstrap tokens to get nodes
[bootstrap-token] configured RBAC rules to allow Node Bootstrap tokens to post CSRs in order for nodes to get long term certificate credentials
[bootstrap-token] configured RBAC rules to allow the csrapprover controller automatically approve CSRs from a Node Bootstrap Token
[bootstrap-token] configured RBAC rules to allow certificate rotation for all node client certificates in the cluster
[bootstrap-token] Creating the "cluster-info" ConfigMap in the "kube-public" namespace
[kubelet-finalize] Updating "/etc/kubernetes/kubelet.conf" to point to a rotatable kubelet client certificate and key
[addons] Applied essential addon: CoreDNS
[addons] Applied essential addon: kube-proxy

Your Kubernetes control-plane has initialized successfully!

To start using your cluster, you need to run the following as a regular user:

  mkdir -p $HOME/.kube
  sudo cp -i /etc/kubernetes/admin.conf $HOME/.kube/config
  sudo chown $(id -u):$(id -g) $HOME/.kube/config

You should now deploy a pod network to the cluster.
Run "kubectl apply -f [podnetwork].yaml" with one of the options listed at:
  https://kubernetes.io/docs/concepts/cluster-administration/addons/

Then you can join any number of worker nodes by running the following on each as root:

kubeadm join 34.223.14.233:6443 --token ol7ets.02okx7eha61plvi3 \
    --discovery-token-ca-cert-hash sha256:6a3a17ae033b8ae601cf3eed230ff72d7eff6897a50dad0ab683185cd6d6e291 
