Loaded plugins: fastestmirror
Determining fastest mirrors
 * base: mirror.atlanticmetro.net
 * extras: centos5.zswap.net
 * updates: centos5.zswap.net
Resolving Dependencies
--> Running transaction check
---> Package device-mapper-persistent-data.x86_64 0:0.8.5-2.el7 will be installed
--> Processing Dependency: libaio.so.1(LIBAIO_0.4)(64bit) for package: device-mapper-persistent-data-0.8.5-2.el7.x86_64
--> Processing Dependency: libaio.so.1(LIBAIO_0.1)(64bit) for package: device-mapper-persistent-data-0.8.5-2.el7.x86_64
--> Processing Dependency: libaio.so.1()(64bit) for package: device-mapper-persistent-data-0.8.5-2.el7.x86_64
---> Package lvm2.x86_64 7:2.02.186-7.el7_8.2 will be installed
--> Processing Dependency: lvm2-libs = 7:2.02.186-7.el7_8.2 for package: 7:lvm2-2.02.186-7.el7_8.2.x86_64
--> Processing Dependency: liblvm2app.so.2.2(Base)(64bit) for package: 7:lvm2-2.02.186-7.el7_8.2.x86_64
--> Processing Dependency: libdevmapper-event.so.1.02(Base)(64bit) for package: 7:lvm2-2.02.186-7.el7_8.2.x86_64
--> Processing Dependency: liblvm2app.so.2.2()(64bit) for package: 7:lvm2-2.02.186-7.el7_8.2.x86_64
--> Processing Dependency: libdevmapper-event.so.1.02()(64bit) for package: 7:lvm2-2.02.186-7.el7_8.2.x86_64
---> Package yum-utils.noarch 0:1.1.31-50.el7 will be updated
---> Package yum-utils.noarch 0:1.1.31-54.el7_8 will be an update
--> Running transaction check
---> Package device-mapper-event-libs.x86_64 7:1.02.164-7.el7_8.2 will be installed
---> Package libaio.x86_64 0:0.3.109-13.el7 will be installed
---> Package lvm2-libs.x86_64 7:2.02.186-7.el7_8.2 will be installed
--> Processing Dependency: device-mapper-event = 7:1.02.164-7.el7_8.2 for package: 7:lvm2-libs-2.02.186-7.el7_8.2.x86_64
--> Running transaction check
---> Package device-mapper-event.x86_64 7:1.02.164-7.el7_8.2 will be installed
--> Processing Dependency: device-mapper = 7:1.02.164-7.el7_8.2 for package: 7:device-mapper-event-1.02.164-7.el7_8.2.x86_64
--> Running transaction check
---> Package device-mapper.x86_64 7:1.02.149-10.el7_6.2 will be updated
--> Processing Dependency: device-mapper = 7:1.02.149-10.el7_6.2 for package: 7:device-mapper-libs-1.02.149-10.el7_6.2.x86_64
---> Package device-mapper.x86_64 7:1.02.164-7.el7_8.2 will be an update
--> Running transaction check
---> Package device-mapper-libs.x86_64 7:1.02.149-10.el7_6.2 will be updated
---> Package device-mapper-libs.x86_64 7:1.02.164-7.el7_8.2 will be an update
--> Finished Dependency Resolution

Dependencies Resolved

================================================================================
 Package                        Arch    Version                  Repository
                                                                           Size
================================================================================
Installing:
 device-mapper-persistent-data  x86_64  0.8.5-2.el7              base     422 k
 lvm2                           x86_64  7:2.02.186-7.el7_8.2     updates  1.3 M
Updating:
 yum-utils                      noarch  1.1.31-54.el7_8          updates  122 k
Installing for dependencies:
 device-mapper-event            x86_64  7:1.02.164-7.el7_8.2     updates  191 k
 device-mapper-event-libs       x86_64  7:1.02.164-7.el7_8.2     updates  190 k
 libaio                         x86_64  0.3.109-13.el7           base      24 k
 lvm2-libs                      x86_64  7:2.02.186-7.el7_8.2     updates  1.1 M
Updating for dependencies:
 device-mapper                  x86_64  7:1.02.164-7.el7_8.2     updates  295 k
 device-mapper-libs             x86_64  7:1.02.164-7.el7_8.2     updates  324 k

Transaction Summary
================================================================================
Install  2 Packages (+4 Dependent packages)
Upgrade  1 Package  (+2 Dependent packages)

Total download size: 3.9 M
Downloading packages:
Delta RPMs disabled because /usr/bin/applydeltarpm not installed.
warning: /var/cache/yum/x86_64/7/updates/packages/device-mapper-event-1.02.164-7.el7_8.2.x86_64.rpm: Header V3 RSA/SHA256 Signature, key ID f4a80eb5: NOKEY
Public key for device-mapper-event-1.02.164-7.el7_8.2.x86_64.rpm is not installed
Public key for device-mapper-persistent-data-0.8.5-2.el7.x86_64.rpm is not installed
--------------------------------------------------------------------------------
Total                                              646 kB/s | 3.9 MB  00:06     
Retrieving key from file:///etc/pki/rpm-gpg/RPM-GPG-KEY-CentOS-7
Importing GPG key 0xF4A80EB5:
 Userid     : "CentOS-7 Key (CentOS 7 Official Signing Key) <security@centos.org>"
 Fingerprint: 6341 ab27 53d7 8a78 a7c2 7bb1 24c6 a8a7 f4a8 0eb5
 Package    : centos-release-7-6.1810.2.el7.centos.x86_64 (installed)
 From       : /etc/pki/rpm-gpg/RPM-GPG-KEY-CentOS-7
Running transaction check
Running transaction test
Transaction test succeeded
Running transaction
  Updating   : 7:device-mapper-1.02.164-7.el7_8.2.x86_64                   1/12 
  Updating   : 7:device-mapper-libs-1.02.164-7.el7_8.2.x86_64              2/12 
  Installing : 7:device-mapper-event-libs-1.02.164-7.el7_8.2.x86_64        3/12 
  Installing : libaio-0.3.109-13.el7.x86_64                                4/12 
  Installing : device-mapper-persistent-data-0.8.5-2.el7.x86_64            5/12 
  Installing : 7:device-mapper-event-1.02.164-7.el7_8.2.x86_64             6/12 
  Installing : 7:lvm2-libs-2.02.186-7.el7_8.2.x86_64                       7/12 
  Installing : 7:lvm2-2.02.186-7.el7_8.2.x86_64                            8/12 
  Updating   : yum-utils-1.1.31-54.el7_8.noarch                            9/12 
  Cleanup    : yum-utils-1.1.31-50.el7.noarch                             10/12 
  Cleanup    : 7:device-mapper-1.02.149-10.el7_6.2.x86_64                 11/12 
  Cleanup    : 7:device-mapper-libs-1.02.149-10.el7_6.2.x86_64            12/12 
  Verifying  : device-mapper-persistent-data-0.8.5-2.el7.x86_64            1/12 
  Verifying  : 7:lvm2-libs-2.02.186-7.el7_8.2.x86_64                       2/12 
  Verifying  : 7:device-mapper-event-1.02.164-7.el7_8.2.x86_64             3/12 
  Verifying  : 7:device-mapper-libs-1.02.164-7.el7_8.2.x86_64              4/12 
  Verifying  : 7:lvm2-2.02.186-7.el7_8.2.x86_64                            5/12 
  Verifying  : libaio-0.3.109-13.el7.x86_64                                6/12 
  Verifying  : yum-utils-1.1.31-54.el7_8.noarch                            7/12 
  Verifying  : 7:device-mapper-1.02.164-7.el7_8.2.x86_64                   8/12 
  Verifying  : 7:device-mapper-event-libs-1.02.164-7.el7_8.2.x86_64        9/12 
  Verifying  : yum-utils-1.1.31-50.el7.noarch                             10/12 
  Verifying  : 7:device-mapper-1.02.149-10.el7_6.2.x86_64                 11/12 
  Verifying  : 7:device-mapper-libs-1.02.149-10.el7_6.2.x86_64            12/12 

Installed:
  device-mapper-persistent-data.x86_64 0:0.8.5-2.el7                            
  lvm2.x86_64 7:2.02.186-7.el7_8.2                                              

Dependency Installed:
  device-mapper-event.x86_64 7:1.02.164-7.el7_8.2                               
  device-mapper-event-libs.x86_64 7:1.02.164-7.el7_8.2                          
  libaio.x86_64 0:0.3.109-13.el7                                                
  lvm2-libs.x86_64 7:2.02.186-7.el7_8.2                                         

Updated:
  yum-utils.noarch 0:1.1.31-54.el7_8                                            

Dependency Updated:
  device-mapper.x86_64 7:1.02.164-7.el7_8.2                                     
  device-mapper-libs.x86_64 7:1.02.164-7.el7_8.2                                

Complete!
Loaded plugins: fastestmirror
adding repo from: https://download.docker.com/linux/centos/docker-ce.repo
grabbing file https://download.docker.com/linux/centos/docker-ce.repo to /etc/yum.repos.d/docker-ce.repo
repo saved to /etc/yum.repos.d/docker-ce.repo
Loaded plugins: fastestmirror
Loading mirror speeds from cached hostfile
 * base: mirror.atlanticmetro.net
 * extras: centos5.zswap.net
 * updates: centos5.zswap.net
Resolving Dependencies
--> Running transaction check
---> Package docker-ce.x86_64 3:19.03.13-3.el7 will be installed
--> Processing Dependency: container-selinux >= 2:2.74 for package: 3:docker-ce-19.03.13-3.el7.x86_64
--> Processing Dependency: containerd.io >= 1.2.2-3 for package: 3:docker-ce-19.03.13-3.el7.x86_64
--> Processing Dependency: docker-ce-cli for package: 3:docker-ce-19.03.13-3.el7.x86_64
--> Running transaction check
---> Package container-selinux.noarch 2:2.119.2-1.911c772.el7_8 will be installed
---> Package containerd.io.x86_64 0:1.3.7-3.1.el7 will be installed
---> Package docker-ce-cli.x86_64 1:19.03.13-3.el7 will be installed
--> Finished Dependency Resolution

Dependencies Resolved

================================================================================
 Package            Arch    Version                     Repository         Size
================================================================================
Installing:
 docker-ce          x86_64  3:19.03.13-3.el7            docker-ce-stable   24 M
Installing for dependencies:
 container-selinux  noarch  2:2.119.2-1.911c772.el7_8   extras             40 k
 containerd.io      x86_64  1.3.7-3.1.el7               docker-ce-stable   29 M
 docker-ce-cli      x86_64  1:19.03.13-3.el7            docker-ce-stable   38 M

Transaction Summary
================================================================================
Install  1 Package (+3 Dependent packages)

Total download size: 91 M
Installed size: 385 M
Downloading packages:
warning: /var/cache/yum/x86_64/7/docker-ce-stable/packages/docker-ce-19.03.13-3.el7.x86_64.rpm: Header V4 RSA/SHA512 Signature, key ID 621e9f35: NOKEY
Public key for docker-ce-19.03.13-3.el7.x86_64.rpm is not installed
--------------------------------------------------------------------------------
Total                                              8.6 MB/s |  91 MB  00:10     
Retrieving key from https://download.docker.com/linux/centos/gpg
Importing GPG key 0x621E9F35:
 Userid     : "Docker Release (CE rpm) <docker@docker.com>"
 Fingerprint: 060a 61c5 1b55 8a7f 742b 77aa c52f eb6b 621e 9f35
 From       : https://download.docker.com/linux/centos/gpg
Running transaction check
Running transaction test
Transaction test succeeded
Running transaction
  Installing : 2:container-selinux-2.119.2-1.911c772.el7_8.noarch           1/4 
  Installing : containerd.io-1.3.7-3.1.el7.x86_64                           2/4 
  Installing : 1:docker-ce-cli-19.03.13-3.el7.x86_64                        3/4 
  Installing : 3:docker-ce-19.03.13-3.el7.x86_64                            4/4 
  Verifying  : containerd.io-1.3.7-3.1.el7.x86_64                           1/4 
  Verifying  : 2:container-selinux-2.119.2-1.911c772.el7_8.noarch           2/4 
  Verifying  : 1:docker-ce-cli-19.03.13-3.el7.x86_64                        3/4 
  Verifying  : 3:docker-ce-19.03.13-3.el7.x86_64                            4/4 

Installed:
  docker-ce.x86_64 3:19.03.13-3.el7                                             

Dependency Installed:
  container-selinux.noarch 2:2.119.2-1.911c772.el7_8                            
  containerd.io.x86_64 0:1.3.7-3.1.el7                                          
  docker-ce-cli.x86_64 1:19.03.13-3.el7                                         

Complete!
Created symlink from /etc/systemd/system/multi-user.target.wants/docker.service to /usr/lib/systemd/system/docker.service.
Loaded plugins: fastestmirror
Loading mirror speeds from cached hostfile
 * base: mirror.atlanticmetro.net
 * extras: centos5.zswap.net
 * updates: centos5.zswap.net
Resolving Dependencies
--> Running transaction check
---> Package kubeadm.x86_64 0:1.19.2-0 will be installed
--> Processing Dependency: kubernetes-cni >= 0.8.6 for package: kubeadm-1.19.2-0.x86_64
--> Processing Dependency: cri-tools >= 1.13.0 for package: kubeadm-1.19.2-0.x86_64
---> Package kubectl.x86_64 0:1.19.2-0 will be installed
---> Package kubelet.x86_64 0:1.19.2-0 will be installed
--> Processing Dependency: socat for package: kubelet-1.19.2-0.x86_64
--> Processing Dependency: ebtables for package: kubelet-1.19.2-0.x86_64
--> Processing Dependency: conntrack for package: kubelet-1.19.2-0.x86_64
--> Running transaction check
---> Package conntrack-tools.x86_64 0:1.4.4-7.el7 will be installed
--> Processing Dependency: libnetfilter_cttimeout.so.1(LIBNETFILTER_CTTIMEOUT_1.1)(64bit) for package: conntrack-tools-1.4.4-7.el7.x86_64
--> Processing Dependency: libnetfilter_cttimeout.so.1(LIBNETFILTER_CTTIMEOUT_1.0)(64bit) for package: conntrack-tools-1.4.4-7.el7.x86_64
--> Processing Dependency: libnetfilter_cthelper.so.0(LIBNETFILTER_CTHELPER_1.0)(64bit) for package: conntrack-tools-1.4.4-7.el7.x86_64
--> Processing Dependency: libnetfilter_queue.so.1()(64bit) for package: conntrack-tools-1.4.4-7.el7.x86_64
--> Processing Dependency: libnetfilter_cttimeout.so.1()(64bit) for package: conntrack-tools-1.4.4-7.el7.x86_64
--> Processing Dependency: libnetfilter_cthelper.so.0()(64bit) for package: conntrack-tools-1.4.4-7.el7.x86_64
---> Package cri-tools.x86_64 0:1.13.0-0 will be installed
---> Package ebtables.x86_64 0:2.0.10-16.el7 will be installed
---> Package kubernetes-cni.x86_64 0:0.8.7-0 will be installed
---> Package socat.x86_64 0:1.7.3.2-2.el7 will be installed
--> Running transaction check
---> Package libnetfilter_cthelper.x86_64 0:1.0.0-11.el7 will be installed
---> Package libnetfilter_cttimeout.x86_64 0:1.0.0-7.el7 will be installed
---> Package libnetfilter_queue.x86_64 0:1.0.2-2.el7_2 will be installed
--> Finished Dependency Resolution

Dependencies Resolved

================================================================================
 Package                    Arch       Version             Repository      Size
================================================================================
Installing:
 kubeadm                    x86_64     1.19.2-0            kubernetes     8.3 M
 kubectl                    x86_64     1.19.2-0            kubernetes     9.0 M
 kubelet                    x86_64     1.19.2-0            kubernetes      19 M
Installing for dependencies:
 conntrack-tools            x86_64     1.4.4-7.el7         base           187 k
 cri-tools                  x86_64     1.13.0-0            kubernetes     5.1 M
 ebtables                   x86_64     2.0.10-16.el7       base           123 k
 kubernetes-cni             x86_64     0.8.7-0             kubernetes      19 M
 libnetfilter_cthelper      x86_64     1.0.0-11.el7        base            18 k
 libnetfilter_cttimeout     x86_64     1.0.0-7.el7         base            18 k
 libnetfilter_queue         x86_64     1.0.2-2.el7_2       base            23 k
 socat                      x86_64     1.7.3.2-2.el7       base           290 k

Transaction Summary
================================================================================
Install  3 Packages (+8 Dependent packages)

Total download size: 61 M
Installed size: 261 M
Downloading packages:
--------------------------------------------------------------------------------
Total                                              7.0 MB/s |  61 MB  00:08     
Running transaction check
Running transaction test
Transaction test succeeded
Running transaction
  Installing : ebtables-2.0.10-16.el7.x86_64                               1/11 
  Installing : libnetfilter_cthelper-1.0.0-11.el7.x86_64                   2/11 
  Installing : socat-1.7.3.2-2.el7.x86_64                                  3/11 
  Installing : libnetfilter_cttimeout-1.0.0-7.el7.x86_64                   4/11 
  Installing : kubectl-1.19.2-0.x86_64                                     5/11 
  Installing : cri-tools-1.13.0-0.x86_64                                   6/11 
  Installing : libnetfilter_queue-1.0.2-2.el7_2.x86_64                     7/11 
  Installing : conntrack-tools-1.4.4-7.el7.x86_64                          8/11 
  Installing : kubernetes-cni-0.8.7-0.x86_64                               9/11 
  Installing : kubelet-1.19.2-0.x86_64                                    10/11 
  Installing : kubeadm-1.19.2-0.x86_64                                    11/11 
  Verifying  : kubeadm-1.19.2-0.x86_64                                     1/11 
  Verifying  : kubelet-1.19.2-0.x86_64                                     2/11 
  Verifying  : conntrack-tools-1.4.4-7.el7.x86_64                          3/11 
  Verifying  : kubernetes-cni-0.8.7-0.x86_64                               4/11 
  Verifying  : libnetfilter_queue-1.0.2-2.el7_2.x86_64                     5/11 
  Verifying  : cri-tools-1.13.0-0.x86_64                                   6/11 
  Verifying  : kubectl-1.19.2-0.x86_64                                     7/11 
  Verifying  : libnetfilter_cttimeout-1.0.0-7.el7.x86_64                   8/11 
  Verifying  : socat-1.7.3.2-2.el7.x86_64                                  9/11 
  Verifying  : libnetfilter_cthelper-1.0.0-11.el7.x86_64                  10/11 
  Verifying  : ebtables-2.0.10-16.el7.x86_64                              11/11 

Installed:
  kubeadm.x86_64 0:1.19.2-0 kubectl.x86_64 0:1.19.2-0 kubelet.x86_64 0:1.19.2-0

Dependency Installed:
  conntrack-tools.x86_64 0:1.4.4-7.el7                                          
  cri-tools.x86_64 0:1.13.0-0                                                   
  ebtables.x86_64 0:2.0.10-16.el7                                               
  kubernetes-cni.x86_64 0:0.8.7-0                                               
  libnetfilter_cthelper.x86_64 0:1.0.0-11.el7                                   
  libnetfilter_cttimeout.x86_64 0:1.0.0-7.el7                                   
  libnetfilter_queue.x86_64 0:1.0.2-2.el7_2                                     
  socat.x86_64 0:1.7.3.2-2.el7                                                  

Complete!
Created symlink from /etc/systemd/system/multi-user.target.wants/kubelet.service to /usr/lib/systemd/system/kubelet.service.
